Using pre-set license
Built from '2021.3/staging' branch; Version is '2021.3.8f1 (b30333d56e81) revision 11731763'; Using compiler version '192829333'; Build Type 'Release'
OS: 'Windows 10  (10.0.19044) 64bit Core' Language: 'en' Physical Memory: 12069 MB
BatchMode: 1, IsHumanControllingUs: 0, StartBugReporterOnCrash: 0, Is64bit: 1, IsPro: 1

COMMAND LINE ARGUMENTS:
C:\Program Files\Unity\Hub\Editor\2021.3.8f1\Editor\Unity.exe
-adb2
-batchMode
-noUpm
-name
AssetImportWorker0
-projectPath
C:/Users/PROCUREMENT/Create_with_code/Subway-skater Challenge
-logFile
Logs/AssetImportWorker0.log
-srvPort
58670
Successfully changed project path to: C:/Users/PROCUREMENT/Create_with_code/Subway-skater Challenge
C:/Users/PROCUREMENT/Create_with_code/Subway-skater Challenge
[UnityMemory] Configuration Parameters - Can be set up in boot.config
    "memorysetup-bucket-allocator-granularity=16"
    "memorysetup-bucket-allocator-bucket-count=8"
    "memorysetup-bucket-allocator-block-size=33554432"
    "memorysetup-bucket-allocator-block-count=8"
    "memorysetup-main-allocator-block-size=16777216"
    "memorysetup-thread-allocator-block-size=16777216"
    "memorysetup-gfx-main-allocator-block-size=16777216"
    "memorysetup-gfx-thread-allocator-block-size=16777216"
    "memorysetup-cache-allocator-block-size=4194304"
    "memorysetup-typetree-allocator-block-size=2097152"
    "memorysetup-profiler-bucket-allocator-granularity=16"
    "memorysetup-profiler-bucket-allocator-bucket-count=8"
    "memorysetup-profiler-bucket-allocator-block-size=33554432"
    "memorysetup-profiler-bucket-allocator-block-count=8"
    "memorysetup-profiler-allocator-block-size=16777216"
    "memorysetup-profiler-editor-allocator-block-size=1048576"
    "memorysetup-temp-allocator-size-main=16777216"
    "memorysetup-job-temp-allocator-block-size=2097152"
    "memorysetup-job-temp-allocator-block-size-background=1048576"
    "memorysetup-job-temp-allocator-reduction-small-platforms=262144"
    "memorysetup-temp-allocator-size-background-worker=32768"
    "memorysetup-temp-allocator-size-job-worker=262144"
    "memorysetup-temp-allocator-size-preload-manager=33554432"
    "memorysetup-temp-allocator-size-nav-mesh-worker=65536"
    "memorysetup-temp-allocator-size-audio-worker=65536"
    "memorysetup-temp-allocator-size-cloud-worker=32768"
    "memorysetup-temp-allocator-size-gi-baking-worker=262144"
    "memorysetup-temp-allocator-size-gfx=262144"
Refreshing native plugins compatible for Editor in 88.48 ms, found 2 plugins.
Preloading 0 native plugins for Editor in 0.00 ms.
Initialize engine version: 2021.3.8f1 (b30333d56e81)
[Subsystems] Discovering subsystems at path C:/Program Files/Unity/Hub/Editor/2021.3.8f1/Editor/Data/Resources/UnitySubsystems
[Subsystems] Discovering subsystems at path C:/Users/PROCUREMENT/Create_with_code/Subway-skater Challenge/Assets
GfxDevice: creating device client; threaded=0; jobified=0
Direct3D:
    Version:  Direct3D 11.0 [level 11.1]
    Renderer: Intel(R) UHD Graphics (ID=0x8a56)
    Vendor:   Intel
    VRAM:     6034 MB
    Driver:   30.0.101.2079
Initialize mono
Mono path[0] = 'C:/Program Files/Unity/Hub/Editor/2021.3.8f1/Editor/Data/Managed'
Mono path[1] = 'C:/Program Files/Unity/Hub/Editor/2021.3.8f1/Editor/Data/MonoBleedingEdge/lib/mono/unityjit-win32'
Mono config path = 'C:/Program Files/Unity/Hub/Editor/2021.3.8f1/Editor/Data/MonoBleedingEdge/etc'
Using monoOptions --debugger-agent=transport=dt_socket,embedding=1,server=y,suspend=n,address=127.0.0.1:56756
Begin MonoManager ReloadAssembly
Registering precompiled unity dll's ...
Register platform support module: C:/Program Files/Unity/Hub/Editor/2021.3.8f1/Editor/Data/PlaybackEngines/WebGLSupport/UnityEditor.WebGL.Extensions.dll
Register platform support module: C:/Program Files/Unity/Hub/Editor/2021.3.8f1/Editor/Data/PlaybackEngines/AndroidPlayer/UnityEditor.Android.Extensions.dll
Register platform support module: C:/Program Files/Unity/Hub/Editor/2021.3.8f1/Editor/Data/PlaybackEngines/WindowsStandaloneSupport/UnityEditor.WindowsStandalone.Extensions.dll
Registered in 0.019218 seconds.
Native extension for WindowsStandalone target not found
Native extension for Android target not found
Native extension for WebGL target not found
Refreshing native plugins compatible for Editor in 71.19 ms, found 2 plugins.
Preloading 0 native plugins for Editor in 0.00 ms.
Mono: successfully reloaded assembly
- Completed reload, in  1.484 seconds
Domain Reload Profiling:
	ReloadAssembly (1485ms)
		BeginReloadAssembly (178ms)
			ExecutionOrderSort (0ms)
			DisableScriptedObjects (0ms)
			BackupInstance (0ms)
			ReleaseScriptingObjects (0ms)
			CreateAndSetChildDomain (1ms)
		EndReloadAssembly (1001ms)
			LoadAssemblies (175ms)
			RebuildTransferFunctionScriptingTraits (0ms)
			SetupTypeCache (255ms)
			ReleaseScriptCaches (0ms)
			RebuildScriptCaches (70ms)
			SetupLoadedEditorAssemblies (545ms)
				LogAssemblyErrors (0ms)
				InitializePlatformSupportModulesInManaged (168ms)
				SetLoadedEditorAssemblies (1ms)
				RefreshPlugins (71ms)
				BeforeProcessingInitializeOnLoad (4ms)
				ProcessInitializeOnLoadAttributes (204ms)
				ProcessInitializeOnLoadMethodAttributes (96ms)
				AfterProcessingInitializeOnLoad (0ms)
				EditorAssembliesLoaded (0ms)
			ExecutionOrderSort2 (0ms)
			AwakeInstancesAfterBackupRestoration (0ms)
Platform modules already initialized, skipping
Registering precompiled user dll's ...
Registered in 0.005181 seconds.
Begin MonoManager ReloadAssembly
Native extension for WindowsStandalone target not found
Native extension for Android target not found
Native extension for WebGL target not found
Refreshing native plugins compatible for Editor in 0.47 ms, found 2 plugins.
Preloading 0 native plugins for Editor in 0.00 ms.
Mono: successfully reloaded assembly
- Completed reload, in  2.226 seconds
Domain Reload Profiling:
	ReloadAssembly (2228ms)
		BeginReloadAssembly (413ms)
			ExecutionOrderSort (0ms)
			DisableScriptedObjects (16ms)
			BackupInstance (0ms)
			ReleaseScriptingObjects (0ms)
			CreateAndSetChildDomain (151ms)
		EndReloadAssembly (1565ms)
			LoadAssemblies (197ms)
			RebuildTransferFunctionScriptingTraits (0ms)
			SetupTypeCache (470ms)
			ReleaseScriptCaches (1ms)
			RebuildScriptCaches (96ms)
			SetupLoadedEditorAssemblies (678ms)
				LogAssemblyErrors (0ms)
				InitializePlatformSupportModulesInManaged (40ms)
				SetLoadedEditorAssemblies (1ms)
				RefreshPlugins (1ms)
				BeforeProcessingInitializeOnLoad (139ms)
				ProcessInitializeOnLoadAttributes (400ms)
				ProcessInitializeOnLoadMethodAttributes (67ms)
				AfterProcessingInitializeOnLoad (30ms)
				EditorAssembliesLoaded (1ms)
			ExecutionOrderSort2 (0ms)
			AwakeInstancesAfterBackupRestoration (20ms)
Platform modules already initialized, skipping
========================================================================
Worker process is ready to serve import requests
Launched and connected shader compiler UnityShaderCompiler.exe after 0.07 seconds
Refreshing native plugins compatible for Editor in 0.58 ms, found 2 plugins.
Preloading 0 native plugins for Editor in 0.00 ms.
Unloading 1698 Unused Serialized files (Serialized files now loaded: 0)
Unloading 19 unused Assets / (48.1 KB). Loaded Objects now: 2166.
Memory consumption went from 74.0 MB to 73.9 MB.
Total: 5.754100 ms (FindLiveObjects: 0.165100 ms CreateObjectMapping: 0.091100 ms MarkObjects: 5.382600 ms  DeleteObjects: 0.113900 ms)

AssetImportParameters requested are different than current active one (requested -> active):
  custom:video-decoder-ogg-theora: a1e56fd34408186e4bbccfd4996cb3dc -> 
  custom:container-muxer-webm: aa71ff27fc2769a1b78a27578f13a17b -> 
  custom:container-demuxer-webm: 4f35f7cbe854078d1ac9338744f61a02 -> 
  custom:video-encoder-webm-vp8: eb34c28f22e8b96e1ab97ce403110664 -> 
  custom:audio-encoder-webm-vorbis: bf7c407c2cedff20999df2af8eb42d56 -> 
  custom:framework-win-MediaFoundation: 216162199b28c13a410421893ffa2e32 -> 
  custom:container-demuxer-ogg: 62fdf1f143b41e24485cea50d1cbac27 -> 
  custom:video-decoder-webm-vp8: 9c59270c3fd7afecdb556c50c9e8de78 -> 
  custom:audio-decoder-ogg-vorbis: bf7c407c2cedff20999df2af8eb42d56 -> 
========================================================================
Received Import Request.
  Time since last request: 3024.634008 seconds.
  path: Assets/Artwork/Assets/Materials/AtlasTexture.mat
  artifactKey: Guid(8ce9c669def999d4e9cc2c5696dfdb0e) Importer(815301076,1909f56bfc062723c751e8b465ee728b)
Start importing Assets/Artwork/Assets/Materials/AtlasTexture.mat using Guid(8ce9c669def999d4e9cc2c5696dfdb0e) Importer(815301076,1909f56bfc062723c751e8b465ee728b)  -> (artifact id: 'd953f951528f019ff5feec5abe64ae96') in 0.409606 seconds 
========================================================================
Received Import Request.
  Time since last request: 2.937667 seconds.
  path: Assets/Artwork/Character/CharacterAnimation/Death.fbx
  artifactKey: Guid(79c6178ef101a6a42b697e0ef310df64) Importer(815301076,1909f56bfc062723c751e8b465ee728b)
Start importing Assets/Artwork/Character/CharacterAnimation/Death.fbx using Guid(79c6178ef101a6a42b697e0ef310df64) Importer(815301076,1909f56bfc062723c751e8b465ee728b)  -> (artifact id: '6d4f389b791b26dd5b4b739767be8311') in 0.061968 seconds 
========================================================================
Received Import Request.
  Time since last request: 0.000043 seconds.
  path: Assets/Artwork/Character/CharacterAnimation/Run.fbx
  artifactKey: Guid(31a904aed6f6df143917e4b7b737287f) Importer(815301076,1909f56bfc062723c751e8b465ee728b)
Start importing Assets/Artwork/Character/CharacterAnimation/Run.fbx using Guid(31a904aed6f6df143917e4b7b737287f) Importer(815301076,1909f56bfc062723c751e8b465ee728b)  -> (artifact id: 'd2bd04cbe95bb84ce9cdb4543176b163') in 0.016570 seconds 
========================================================================
Received Import Request.
  Time since last request: 0.000039 seconds.
  path: Assets/Artwork/Character/CharacterAnimation/Slide.fbx
  artifactKey: Guid(9bb5ee8c7df579044a3f370bd5dc1cd2) Importer(815301076,1909f56bfc062723c751e8b465ee728b)
Start importing Assets/Artwork/Character/CharacterAnimation/Slide.fbx using Guid(9bb5ee8c7df579044a3f370bd5dc1cd2) Importer(815301076,1909f56bfc062723c751e8b465ee728b)  -> (artifact id: '143d9ccd333813b6eddae60631aabed8') in 0.014310 seconds 
========================================================================
Received Import Request.
  Time since last request: 9.566069 seconds.
  path: Assets/Artwork/CoinSpawner/CoinArk_3.prefab
  artifactKey: Guid(747a7933ec75b24439741d249f01995e) Importer(815301076,1909f56bfc062723c751e8b465ee728b)
Start importing Assets/Artwork/CoinSpawner/CoinArk_3.prefab using Guid(747a7933ec75b24439741d249f01995e) Importer(815301076,1909f56bfc062723c751e8b465ee728b)  -> (artifact id: 'b573474a8deb4285d97aaa794a2b1e56') in 0.092938 seconds 
========================================================================
Received Import Request.
  Time since last request: 9.573439 seconds.
  path: Assets/Artwork/MenuUI/1 - PglpTHL.png
  artifactKey: Guid(b4cf342c98b08f94598cd37e909788d5) Importer(815301076,1909f56bfc062723c751e8b465ee728b)
Start importing Assets/Artwork/MenuUI/1 - PglpTHL.png using Guid(b4cf342c98b08f94598cd37e909788d5) Importer(815301076,1909f56bfc062723c751e8b465ee728b)  -> (artifact id: '2637692381c32338ee6df726a870352b') in 0.142628 seconds 
========================================================================
Received Import Request.
  Time since last request: 0.000038 seconds.
  path: Assets/Artwork/MenuUI/play.png
  artifactKey: Guid(a82c5754597dddd4fbd763687358ea07) Importer(815301076,1909f56bfc062723c751e8b465ee728b)
Start importing Assets/Artwork/MenuUI/play.png using Guid(a82c5754597dddd4fbd763687358ea07) Importer(815301076,1909f56bfc062723c751e8b465ee728b)  -> (artifact id: 'a9e6cfda92817f6b7bd6a46c026934d8') in 0.037801 seconds 
========================================================================
Received Import Request.
  Time since last request: 0.000063 seconds.
  path: Assets/Artwork/MenuUI/comic_andy.ttf
  artifactKey: Guid(eb1ce27b637d03946ac80f1789941838) Importer(815301076,1909f56bfc062723c751e8b465ee728b)
Start importing Assets/Artwork/MenuUI/comic_andy.ttf using Guid(eb1ce27b637d03946ac80f1789941838) Importer(815301076,1909f56bfc062723c751e8b465ee728b)  -> (artifact id: 'af42dc9ebca22ca0807b2f865619b542') in 0.096442 seconds 
========================================================================
Received Import Request.
  Time since last request: 0.000041 seconds.
  path: Assets/Artwork/MenuUI/exit.png
  artifactKey: Guid(65529618c5e4fc14a90e3b3d354d35dd) Importer(815301076,1909f56bfc062723c751e8b465ee728b)
Start importing Assets/Artwork/MenuUI/exit.png using Guid(65529618c5e4fc14a90e3b3d354d35dd) Importer(815301076,1909f56bfc062723c751e8b465ee728b)  -> (artifact id: '3301205e8d0dcc2ecb63ab0beb00805d') in 0.036714 seconds 
========================================================================
Received Import Request.
  Time since last request: 12.873050 seconds.
  path: Assets/Prefab/Scene/Game.unity
  artifactKey: Guid(31d1b1c57af7eb4499850297bd05ade8) Importer(815301076,1909f56bfc062723c751e8b465ee728b)
Start importing Assets/Prefab/Scene/Game.unity using Guid(31d1b1c57af7eb4499850297bd05ade8) Importer(815301076,1909f56bfc062723c751e8b465ee728b)  -> (artifact id: '3a394025bb79f93ce7a4ea73b1671e9e') in 0.005115 seconds 
========================================================================
Received Prepare
Registering precompiled user dll's ...
Registered in 0.005481 seconds.
Begin MonoManager ReloadAssembly
Native extension for WindowsStandalone target not found
Native extension for Android target not found
Native extension for WebGL target not found
Refreshing native plugins compatible for Editor in 0.93 ms, found 2 plugins.
Preloading 0 native plugins for Editor in 0.00 ms.
Mono: successfully reloaded assembly
- Completed reload, in  3.504 seconds
Domain Reload Profiling:
	ReloadAssembly (3505ms)
		BeginReloadAssembly (325ms)
			ExecutionOrderSort (0ms)
			DisableScriptedObjects (20ms)
			BackupInstance (0ms)
			ReleaseScriptingObjects (0ms)
			CreateAndSetChildDomain (57ms)
		EndReloadAssembly (2894ms)
			LoadAssemblies (247ms)
			RebuildTransferFunctionScriptingTraits (0ms)
			SetupTypeCache (956ms)
			ReleaseScriptCaches (4ms)
			RebuildScriptCaches (197ms)
			SetupLoadedEditorAssemblies (1202ms)
				LogAssemblyErrors (0ms)
				InitializePlatformSupportModulesInManaged (100ms)
				SetLoadedEditorAssemblies (2ms)
				RefreshPlugins (1ms)
				BeforeProcessingInitializeOnLoad (290ms)
				ProcessInitializeOnLoadAttributes (683ms)
				ProcessInitializeOnLoadMethodAttributes (91ms)
				AfterProcessingInitializeOnLoad (34ms)
				EditorAssembliesLoaded (1ms)
			ExecutionOrderSort2 (0ms)
			AwakeInstancesAfterBackupRestoration (24ms)
Platform modules already initialized, skipping
Refreshing native plugins compatible for Editor in 5.55 ms, found 2 plugins.
Preloading 0 native plugins for Editor in 0.00 ms.
Unloading 1690 Unused Serialized files (Serialized files now loaded: 0)
Unloading 12 unused Assets / (24.6 KB). Loaded Objects now: 2223.
Memory consumption went from 78.0 MB to 77.9 MB.
Total: 6.288800 ms (FindLiveObjects: 0.327400 ms CreateObjectMapping: 0.155900 ms MarkObjects: 5.773700 ms  DeleteObjects: 0.029800 ms)

AssetImportParameters requested are different than current active one (requested -> active):
  custom:video-decoder-ogg-theora: a1e56fd34408186e4bbccfd4996cb3dc -> 
  custom:container-muxer-webm: aa71ff27fc2769a1b78a27578f13a17b -> 
  custom:container-demuxer-webm: 4f35f7cbe854078d1ac9338744f61a02 -> 
  custom:video-encoder-webm-vp8: eb34c28f22e8b96e1ab97ce403110664 -> 
  custom:audio-encoder-webm-vorbis: bf7c407c2cedff20999df2af8eb42d56 -> 
  custom:framework-win-MediaFoundation: 216162199b28c13a410421893ffa2e32 -> 
  custom:container-demuxer-ogg: 62fdf1f143b41e24485cea50d1cbac27 -> 
  custom:video-decoder-webm-vp8: 9c59270c3fd7afecdb556c50c9e8de78 -> 
  custom:audio-decoder-ogg-vorbis: bf7c407c2cedff20999df2af8eb42d56 -> 
========================================================================
Received Import Request.
  Time since last request: 151.795270 seconds.
  path: Assets/Prefab/Pieces/Jump/P0 Jump.prefab
  artifactKey: Guid(0a0d2ebcca7399b479ad32e0160ec026) Importer(815301076,1909f56bfc062723c751e8b465ee728b)
Start importing Assets/Prefab/Pieces/Jump/P0 Jump.prefab using Guid(0a0d2ebcca7399b479ad32e0160ec026) Importer(815301076,1909f56bfc062723c751e8b465ee728b)  -> (artifact id: 'd67e3e4091fe13d42bb7edfa31b172e9') in 0.139812 seconds 
========================================================================
Received Import Request.
  Time since last request: 2.475085 seconds.
  path: Assets/Prefab/Pieces/LongBlock/P0 LongBlock.prefab
  artifactKey: Guid(73d06027e06299640a1a0c014f8e256f) Importer(815301076,1909f56bfc062723c751e8b465ee728b)
Start importing Assets/Prefab/Pieces/LongBlock/P0 LongBlock.prefab using Guid(73d06027e06299640a1a0c014f8e256f) Importer(815301076,1909f56bfc062723c751e8b465ee728b)  -> (artifact id: '5170753de2e1e30ad2cb294d1569078f') in 0.027096 seconds 
========================================================================
Received Import Request.
  Time since last request: 2.665472 seconds.
  path: Assets/Prefab/Pieces/Ramp/P0 Ramp.prefab
  artifactKey: Guid(9e23276230902f24b837a9d5097bd9e1) Importer(815301076,1909f56bfc062723c751e8b465ee728b)
Start importing Assets/Prefab/Pieces/Ramp/P0 Ramp.prefab using Guid(9e23276230902f24b837a9d5097bd9e1) Importer(815301076,1909f56bfc062723c751e8b465ee728b)  -> (artifact id: '04bc5e121d2868e38100798c25c57dfd') in 0.059562 seconds 
========================================================================
Received Import Request.
  Time since last request: 110.345524 seconds.
  path: Assets/Prefab/Games/Coin.prefab
  artifactKey: Guid(13c8e4adcb170134bb4f6e3bff43e872) Importer(815301076,1909f56bfc062723c751e8b465ee728b)
Start importing Assets/Prefab/Games/Coin.prefab using Guid(13c8e4adcb170134bb4f6e3bff43e872) Importer(815301076,1909f56bfc062723c751e8b465ee728b)  -> (artifact id: 'e8c642c2adf2ce9f16f58aa95adfd84b') in 0.061529 seconds 
========================================================================
Received Import Request.
  Time since last request: 21.000317 seconds.
  path: Assets/Prefab/PiecesSpawner/Jump.prefab
  artifactKey: Guid(c74db727d822ba240a944c478be343e1) Importer(815301076,1909f56bfc062723c751e8b465ee728b)
Start importing Assets/Prefab/PiecesSpawner/Jump.prefab using Guid(c74db727d822ba240a944c478be343e1) Importer(815301076,1909f56bfc062723c751e8b465ee728b)  -> (artifact id: '6f6dd634a2dfb10011dc7d5c675f1a6d') in 0.499503 seconds 
========================================================================
Received Import Request.
  Time since last request: 30.642704 seconds.
  path: Assets/Prefab/Assets/SS_Bear.prefab
  artifactKey: Guid(1ee0faf7bd9e5144daea6c170ed3c401) Importer(815301076,1909f56bfc062723c751e8b465ee728b)
Start importing Assets/Prefab/Assets/SS_Bear.prefab using Guid(1ee0faf7bd9e5144daea6c170ed3c401) Importer(815301076,1909f56bfc062723c751e8b465ee728b)  -> (artifact id: '6cfde35cc7c5189c0639c819204d7e7c') in 0.065421 seconds 
========================================================================
Received Import Request.
  Time since last request: 0.000036 seconds.
  path: Assets/Prefab/Assets/SS_Cross.prefab
  artifactKey: Guid(9f442317c143f4a4f9f828342550ac41) Importer(815301076,1909f56bfc062723c751e8b465ee728b)
Start importing Assets/Prefab/Assets/SS_Cross.prefab using Guid(9f442317c143f4a4f9f828342550ac41) Importer(815301076,1909f56bfc062723c751e8b465ee728b)  -> (artifact id: 'deff53414d8aa535d2810d7c82dc848a') in 0.043054 seconds 
========================================================================
Received Import Request.
  Time since last request: 0.000051 seconds.
  path: Assets/Prefab/Assets/SS_Cabin.prefab
  artifactKey: Guid(b6a080f3826ddc849b7f72a1fdb03a3f) Importer(815301076,1909f56bfc062723c751e8b465ee728b)
Start importing Assets/Prefab/Assets/SS_Cabin.prefab using Guid(b6a080f3826ddc849b7f72a1fdb03a3f) Importer(815301076,1909f56bfc062723c751e8b465ee728b)  -> (artifact id: '6ed36b2396556d3ff201ae73474e7730') in 0.043819 seconds 
========================================================================
Received Import Request.
  Time since last request: 0.000041 seconds.
  path: Assets/Prefab/Assets/SS_Blocker.prefab
  artifactKey: Guid(f41d1647e07aef94383a450dca89c916) Importer(815301076,1909f56bfc062723c751e8b465ee728b)
Start importing Assets/Prefab/Assets/SS_Blocker.prefab using Guid(f41d1647e07aef94383a450dca89c916) Importer(815301076,1909f56bfc062723c751e8b465ee728b)  -> (artifact id: 'bfe3e76d8dbaf7dde0c8029f0985da8a') in 0.037780 seconds 
========================================================================
Received Import Request.
  Time since last request: 19.066103 seconds.
  path: Assets/Prefab/Segments/Center_10.prefab
  artifactKey: Guid(40085c25ff706104e8e112f53c86be48) Importer(815301076,1909f56bfc062723c751e8b465ee728b)
Start importing Assets/Prefab/Segments/Center_10.prefab using Guid(40085c25ff706104e8e112f53c86be48) Importer(815301076,1909f56bfc062723c751e8b465ee728b)  -> (artifact id: '97800662440714defea66a4b33707458') in 0.088925 seconds 
========================================================================
Received Import Request.
  Time since last request: 0.000046 seconds.
  path: Assets/Prefab/Segments/CenterRamp_10.prefab
  artifactKey: Guid(97f90e3a7869d874ab139fbcfdf96343) Importer(815301076,1909f56bfc062723c751e8b465ee728b)
Start importing Assets/Prefab/Segments/CenterRamp_10.prefab using Guid(97f90e3a7869d874ab139fbcfdf96343) Importer(815301076,1909f56bfc062723c751e8b465ee728b)  -> (artifact id: '74d7a6377e78340c0e4a8571f10b0eb5') in 0.054534 seconds 
========================================================================
Received Prepare
Registering precompiled user dll's ...
Registered in 0.007093 seconds.
Begin MonoManager ReloadAssembly
Native extension for WindowsStandalone target not found
Native extension for Android target not found
Native extension for WebGL target not found
Refreshing native plugins compatible for Editor in 1.07 ms, found 2 plugins.
Preloading 0 native plugins for Editor in 0.00 ms.
Mono: successfully reloaded assembly
- Completed reload, in  1.935 seconds
Domain Reload Profiling:
	ReloadAssembly (1938ms)
		BeginReloadAssembly (308ms)
			ExecutionOrderSort (0ms)
			DisableScriptedObjects (8ms)
			BackupInstance (0ms)
			ReleaseScriptingObjects (0ms)
			CreateAndSetChildDomain (83ms)
		EndReloadAssembly (1416ms)
			LoadAssemblies (175ms)
			RebuildTransferFunctionScriptingTraits (0ms)
			SetupTypeCache (488ms)
			ReleaseScriptCaches (1ms)
			RebuildScriptCaches (88ms)
			SetupLoadedEditorAssemblies (601ms)
				LogAssemblyErrors (0ms)
				InitializePlatformSupportModulesInManaged (47ms)
				SetLoadedEditorAssemblies (2ms)
				RefreshPlugins (1ms)
				BeforeProcessingInitializeOnLoad (77ms)
				ProcessInitializeOnLoadAttributes (417ms)
				ProcessInitializeOnLoadMethodAttributes (42ms)
				AfterProcessingInitializeOnLoad (13ms)
				EditorAssembliesLoaded (0ms)
			ExecutionOrderSort2 (0ms)
			AwakeInstancesAfterBackupRestoration (9ms)
Platform modules already initialized, skipping
Refreshing native plugins compatible for Editor in 2.67 ms, found 2 plugins.
Preloading 0 native plugins for Editor in 0.00 ms.
Unloading 1690 Unused Serialized files (Serialized files now loaded: 0)
Unloading 12 unused Assets / (24.5 KB). Loaded Objects now: 2229.
Memory consumption went from 78.1 MB to 78.1 MB.
Total: 7.391100 ms (FindLiveObjects: 0.197900 ms CreateObjectMapping: 0.090200 ms MarkObjects: 7.072600 ms  DeleteObjects: 0.028800 ms)

AssetImportParameters requested are different than current active one (requested -> active):
  custom:video-decoder-ogg-theora: a1e56fd34408186e4bbccfd4996cb3dc -> 
  custom:container-muxer-webm: aa71ff27fc2769a1b78a27578f13a17b -> 
  custom:container-demuxer-webm: 4f35f7cbe854078d1ac9338744f61a02 -> 
  custom:video-encoder-webm-vp8: eb34c28f22e8b96e1ab97ce403110664 -> 
  custom:audio-encoder-webm-vorbis: bf7c407c2cedff20999df2af8eb42d56 -> 
  custom:framework-win-MediaFoundation: 216162199b28c13a410421893ffa2e32 -> 
  custom:container-demuxer-ogg: 62fdf1f143b41e24485cea50d1cbac27 -> 
  custom:video-decoder-webm-vp8: 9c59270c3fd7afecdb556c50c9e8de78 -> 
  custom:audio-decoder-ogg-vorbis: bf7c407c2cedff20999df2af8eb42d56 -> 
========================================================================
Received Import Request.
  Time since last request: 59.635791 seconds.
  path: Assets/Player/Transitions/Empty_10.prefab
  artifactKey: Guid(e1f4faee3d41ceb4293175af4b4efac8) Importer(815301076,1909f56bfc062723c751e8b465ee728b)
Start importing Assets/Player/Transitions/Empty_10.prefab using Guid(e1f4faee3d41ceb4293175af4b4efac8) Importer(815301076,1909f56bfc062723c751e8b465ee728b)  -> (artifact id: '3a234ee308d330bf69030c02a6fd03cb') in 0.082917 seconds 
========================================================================
Received Prepare
Registering precompiled user dll's ...
Registered in 0.004787 seconds.
Begin MonoManager ReloadAssembly
Native extension for WindowsStandalone target not found
Native extension for Android target not found
Native extension for WebGL target not found
Refreshing native plugins compatible for Editor in 0.69 ms, found 2 plugins.
Preloading 0 native plugins for Editor in 0.00 ms.
Mono: successfully reloaded assembly
- Completed reload, in  2.405 seconds
Domain Reload Profiling:
	ReloadAssembly (2407ms)
		BeginReloadAssembly (236ms)
			ExecutionOrderSort (0ms)
			DisableScriptedObjects (9ms)
			BackupInstance (0ms)
			ReleaseScriptingObjects (0ms)
			CreateAndSetChildDomain (65ms)
		EndReloadAssembly (1853ms)
			LoadAssemblies (155ms)
			RebuildTransferFunctionScriptingTraits (0ms)
			SetupTypeCache (530ms)
			ReleaseScriptCaches (2ms)
			RebuildScriptCaches (128ms)
			SetupLoadedEditorAssemblies (869ms)
				LogAssemblyErrors (0ms)
				InitializePlatformSupportModulesInManaged (75ms)
				SetLoadedEditorAssemblies (1ms)
				RefreshPlugins (1ms)
				BeforeProcessingInitializeOnLoad (139ms)
				ProcessInitializeOnLoadAttributes (543ms)
				ProcessInitializeOnLoadMethodAttributes (86ms)
				AfterProcessingInitializeOnLoad (22ms)
				EditorAssembliesLoaded (0ms)
			ExecutionOrderSort2 (0ms)
			AwakeInstancesAfterBackupRestoration (19ms)
Platform modules already initialized, skipping
Refreshing native plugins compatible for Editor in 5.54 ms, found 2 plugins.
Preloading 0 native plugins for Editor in 0.00 ms.
Unloading 1690 Unused Serialized files (Serialized files now loaded: 0)
Unloading 12 unused Assets / (24.7 KB). Loaded Objects now: 2232.
Memory consumption went from 78.1 MB to 78.1 MB.
Total: 4.720800 ms (FindLiveObjects: 0.194700 ms CreateObjectMapping: 0.072400 ms MarkObjects: 4.411400 ms  DeleteObjects: 0.040300 ms)

AssetImportParameters requested are different than current active one (requested -> active):
  custom:video-decoder-ogg-theora: a1e56fd34408186e4bbccfd4996cb3dc -> 
  custom:container-muxer-webm: aa71ff27fc2769a1b78a27578f13a17b -> 
  custom:container-demuxer-webm: 4f35f7cbe854078d1ac9338744f61a02 -> 
  custom:video-encoder-webm-vp8: eb34c28f22e8b96e1ab97ce403110664 -> 
  custom:audio-encoder-webm-vorbis: bf7c407c2cedff20999df2af8eb42d56 -> 
  custom:framework-win-MediaFoundation: 216162199b28c13a410421893ffa2e32 -> 
  custom:container-demuxer-ogg: 62fdf1f143b41e24485cea50d1cbac27 -> 
  custom:video-decoder-webm-vp8: 9c59270c3fd7afecdb556c50c9e8de78 -> 
  custom:audio-decoder-ogg-vorbis: bf7c407c2cedff20999df2af8eb42d56 -> 
========================================================================
Received Prepare
Registering precompiled user dll's ...
Registered in 0.005588 seconds.
Begin MonoManager ReloadAssembly
Native extension for WindowsStandalone target not found
Native extension for Android target not found
Native extension for WebGL target not found
Refreshing native plugins compatible for Editor in 1.24 ms, found 2 plugins.
Preloading 0 native plugins for Editor in 0.00 ms.
Mono: successfully reloaded assembly
- Completed reload, in  2.742 seconds
Domain Reload Profiling:
	ReloadAssembly (2745ms)
		BeginReloadAssembly (372ms)
			ExecutionOrderSort (0ms)
			DisableScriptedObjects (15ms)
			BackupInstance (0ms)
			ReleaseScriptingObjects (0ms)
			CreateAndSetChildDomain (73ms)
		EndReloadAssembly (2075ms)
			LoadAssemblies (274ms)
			RebuildTransferFunctionScriptingTraits (0ms)
			SetupTypeCache (584ms)
			ReleaseScriptCaches (2ms)
			RebuildScriptCaches (112ms)
			SetupLoadedEditorAssemblies (974ms)
				LogAssemblyErrors (0ms)
				InitializePlatformSupportModulesInManaged (96ms)
				SetLoadedEditorAssemblies (1ms)
				RefreshPlugins (1ms)
				BeforeProcessingInitializeOnLoad (148ms)
				ProcessInitializeOnLoadAttributes (610ms)
				ProcessInitializeOnLoadMethodAttributes (85ms)
				AfterProcessingInitializeOnLoad (31ms)
				EditorAssembliesLoaded (1ms)
			ExecutionOrderSort2 (0ms)
			AwakeInstancesAfterBackupRestoration (20ms)
Platform modules already initialized, skipping
Refreshing native plugins compatible for Editor in 3.79 ms, found 2 plugins.
Preloading 0 native plugins for Editor in 0.00 ms.
Unloading 1690 Unused Serialized files (Serialized files now loaded: 0)
Unloading 12 unused Assets / (24.6 KB). Loaded Objects now: 2235.
Memory consumption went from 78.1 MB to 78.1 MB.
Total: 5.360100 ms (FindLiveObjects: 0.539500 ms CreateObjectMapping: 0.312200 ms MarkObjects: 4.438300 ms  DeleteObjects: 0.066500 ms)

AssetImportParameters requested are different than current active one (requested -> active):
  custom:video-decoder-ogg-theora: a1e56fd34408186e4bbccfd4996cb3dc -> 
  custom:container-muxer-webm: aa71ff27fc2769a1b78a27578f13a17b -> 
  custom:container-demuxer-webm: 4f35f7cbe854078d1ac9338744f61a02 -> 
  custom:video-encoder-webm-vp8: eb34c28f22e8b96e1ab97ce403110664 -> 
  custom:audio-encoder-webm-vorbis: bf7c407c2cedff20999df2af8eb42d56 -> 
  custom:framework-win-MediaFoundation: 216162199b28c13a410421893ffa2e32 -> 
  custom:container-demuxer-ogg: 62fdf1f143b41e24485cea50d1cbac27 -> 
  custom:video-decoder-webm-vp8: 9c59270c3fd7afecdb556c50c9e8de78 -> 
  custom:audio-decoder-ogg-vorbis: bf7c407c2cedff20999df2af8eb42d56 -> 
========================================================================
Received Import Request.
  Time since last request: 326.154900 seconds.
  path: Assets/Prefab/SnowFall/snow.mat
  artifactKey: Guid(672dd61f2e70c4c46808bf0a773948d6) Importer(815301076,1909f56bfc062723c751e8b465ee728b)
Start importing Assets/Prefab/SnowFall/snow.mat using Guid(672dd61f2e70c4c46808bf0a773948d6) Importer(815301076,1909f56bfc062723c751e8b465ee728b)  -> (artifact id: '18a6241d1f79c6ec2077290caed540cd') in 0.206666 seconds 
========================================================================
Received Prepare
Registering precompiled user dll's ...
Registered in 0.010954 seconds.
Begin MonoManager ReloadAssembly
Native extension for WindowsStandalone target not found
Native extension for Android target not found
Native extension for WebGL target not found
Refreshing native plugins compatible for Editor in 0.73 ms, found 2 plugins.
Preloading 0 native plugins for Editor in 0.00 ms.
Mono: successfully reloaded assembly
- Completed reload, in  2.450 seconds
Domain Reload Profiling:
	ReloadAssembly (2452ms)
		BeginReloadAssembly (325ms)
			ExecutionOrderSort (0ms)
			DisableScriptedObjects (8ms)
			BackupInstance (0ms)
			ReleaseScriptingObjects (0ms)
			CreateAndSetChildDomain (84ms)
		EndReloadAssembly (1831ms)
			LoadAssemblies (219ms)
			RebuildTransferFunctionScriptingTraits (0ms)
			SetupTypeCache (525ms)
			ReleaseScriptCaches (2ms)
			RebuildScriptCaches (112ms)
			SetupLoadedEditorAssemblies (856ms)
				LogAssemblyErrors (0ms)
				InitializePlatformSupportModulesInManaged (76ms)
				SetLoadedEditorAssemblies (2ms)
				RefreshPlugins (1ms)
				BeforeProcessingInitializeOnLoad (147ms)
				ProcessInitializeOnLoadAttributes (533ms)
				ProcessInitializeOnLoadMethodAttributes (80ms)
				AfterProcessingInitializeOnLoad (16ms)
				EditorAssembliesLoaded (0ms)
			ExecutionOrderSort2 (0ms)
			AwakeInstancesAfterBackupRestoration (18ms)
Platform modules already initialized, skipping
Refreshing native plugins compatible for Editor in 3.98 ms, found 2 plugins.
Preloading 0 native plugins for Editor in 0.00 ms.
Unloading 1690 Unused Serialized files (Serialized files now loaded: 0)
Unloading 12 unused Assets / (24.6 KB). Loaded Objects now: 2239.
Memory consumption went from 78.1 MB to 78.1 MB.
Total: 5.267900 ms (FindLiveObjects: 0.227100 ms CreateObjectMapping: 0.112000 ms MarkObjects: 4.896200 ms  DeleteObjects: 0.031000 ms)

AssetImportParameters requested are different than current active one (requested -> active):
  custom:video-decoder-ogg-theora: a1e56fd34408186e4bbccfd4996cb3dc -> 
  custom:container-muxer-webm: aa71ff27fc2769a1b78a27578f13a17b -> 
  custom:container-demuxer-webm: 4f35f7cbe854078d1ac9338744f61a02 -> 
  custom:video-encoder-webm-vp8: eb34c28f22e8b96e1ab97ce403110664 -> 
  custom:audio-encoder-webm-vorbis: bf7c407c2cedff20999df2af8eb42d56 -> 
  custom:framework-win-MediaFoundation: 216162199b28c13a410421893ffa2e32 -> 
  custom:container-demuxer-ogg: 62fdf1f143b41e24485cea50d1cbac27 -> 
  custom:video-decoder-webm-vp8: 9c59270c3fd7afecdb556c50c9e8de78 -> 
  custom:audio-decoder-ogg-vorbis: bf7c407c2cedff20999df2af8eb42d56 -> 
========================================================================
Received Import Request.
  Time since last request: 120.253791 seconds.
  path: Assets/Scene/Asset.unity
  artifactKey: Guid(ae33fc551a65b8f4ab2018a9e00b83a3) Importer(815301076,1909f56bfc062723c751e8b465ee728b)
Start importing Assets/Scene/Asset.unity using Guid(ae33fc551a65b8f4ab2018a9e00b83a3) Importer(815301076,1909f56bfc062723c751e8b465ee728b)  -> (artifact id: 'f6d0d9c2743771c0393b74d383ccea00') in 0.012285 seconds 
========================================================================
Received Import Request.
  Time since last request: 169.928236 seconds.
  path: Assets/Prefab/Player/Player.prefab
  artifactKey: Guid(86dce5937beb44f44859b8c9f8e6465c) Importer(815301076,1909f56bfc062723c751e8b465ee728b)
Start importing Assets/Prefab/Player/Player.prefab using Guid(86dce5937beb44f44859b8c9f8e6465c) Importer(815301076,1909f56bfc062723c751e8b465ee728b)  -> (artifact id: 'c3ec8844be5649ece98ca07097cc5540') in 0.171858 seconds 
========================================================================
Received Import Request.
  Time since last request: 6.440482 seconds.
  path: Assets/Prefab/Player/Transitions
  artifactKey: Guid(3f9e11fd46587eb4a906467623eec1f9) Importer(815301076,1909f56bfc062723c751e8b465ee728b)
Start importing Assets/Prefab/Player/Transitions using Guid(3f9e11fd46587eb4a906467623eec1f9) Importer(815301076,1909f56bfc062723c751e8b465ee728b)  -> (artifact id: 'e336c18b1febc2216f44da6353d1d4e1') in 0.005297 seconds 
========================================================================
Received Import Request.
  Time since last request: 239.765662 seconds.
  path: Assets/Artwork/Character
  artifactKey: Guid(450b8543bfe4ea54fbc9f70b37ada73c) Importer(815301076,1909f56bfc062723c751e8b465ee728b)
Start importing Assets/Artwork/Character using Guid(450b8543bfe4ea54fbc9f70b37ada73c) Importer(815301076,1909f56bfc062723c751e8b465ee728b)  -> (artifact id: '2e0a500dbd20e88c681f633a5293e9d5') in 0.005337 seconds 
========================================================================
Received Import Request.
  Time since last request: 0.000034 seconds.
  path: Assets/Artwork/Character/SS_Pengu.prefab
  artifactKey: Guid(46cfac75a979e4e4d9dc5b90acf813cd) Importer(815301076,1909f56bfc062723c751e8b465ee728b)
Start importing Assets/Artwork/Character/SS_Pengu.prefab using Guid(46cfac75a979e4e4d9dc5b90acf813cd) Importer(815301076,1909f56bfc062723c751e8b465ee728b)  -> (artifact id: 'dfc02d8871930bfb7383a6a5340085a2') in 0.048863 seconds 
========================================================================
Received Import Request.
  Time since last request: 3.084039 seconds.
  path: Assets/Artwork/Character/CharacterAnimation
  artifactKey: Guid(2ca66b0aeaa4f454a8be0a12a54a34a9) Importer(815301076,1909f56bfc062723c751e8b465ee728b)
Start importing Assets/Artwork/Character/CharacterAnimation using Guid(2ca66b0aeaa4f454a8be0a12a54a34a9) Importer(815301076,1909f56bfc062723c751e8b465ee728b)  -> (artifact id: '7fa449ff1ea2b48184a83b25d22c7a4b') in 0.006675 seconds 
========================================================================
Received Prepare
Registering precompiled user dll's ...
Registered in 0.004026 seconds.
Begin MonoManager ReloadAssembly
Native extension for WindowsStandalone target not found
Native extension for Android target not found
Native extension for WebGL target not found
Refreshing native plugins compatible for Editor in 1.38 ms, found 2 plugins.
Preloading 0 native plugins for Editor in 0.00 ms.
Mono: successfully reloaded assembly
- Completed reload, in  2.640 seconds
Domain Reload Profiling:
	ReloadAssembly (2643ms)
		BeginReloadAssembly (397ms)
			ExecutionOrderSort (0ms)
			DisableScriptedObjects (8ms)
			BackupInstance (0ms)
			ReleaseScriptingObjects (0ms)
			CreateAndSetChildDomain (92ms)
		EndReloadAssembly (1946ms)
			LoadAssemblies (266ms)
			RebuildTransferFunctionScriptingTraits (0ms)
			SetupTypeCache (580ms)
			ReleaseScriptCaches (2ms)
			RebuildScriptCaches (112ms)
			SetupLoadedEditorAssemblies (878ms)
				LogAssemblyErrors (0ms)
				InitializePlatformSupportModulesInManaged (78ms)
				SetLoadedEditorAssemblies (2ms)
				RefreshPlugins (2ms)
				BeforeProcessingInitializeOnLoad (153ms)
				ProcessInitializeOnLoadAttributes (537ms)
				ProcessInitializeOnLoadMethodAttributes (81ms)
				AfterProcessingInitializeOnLoad (25ms)
				EditorAssembliesLoaded (0ms)
			ExecutionOrderSort2 (0ms)
			AwakeInstancesAfterBackupRestoration (19ms)
Platform modules already initialized, skipping
Refreshing native plugins compatible for Editor in 2.79 ms, found 2 plugins.
Preloading 0 native plugins for Editor in 0.00 ms.
Unloading 1690 Unused Serialized files (Serialized files now loaded: 0)
Unloading 12 unused Assets / (24.7 KB). Loaded Objects now: 2242.
Memory consumption went from 78.2 MB to 78.1 MB.
Total: 7.712300 ms (FindLiveObjects: 0.304800 ms CreateObjectMapping: 0.214100 ms MarkObjects: 7.125600 ms  DeleteObjects: 0.066200 ms)

AssetImportParameters requested are different than current active one (requested -> active):
  custom:video-decoder-ogg-theora: a1e56fd34408186e4bbccfd4996cb3dc -> 
  custom:container-muxer-webm: aa71ff27fc2769a1b78a27578f13a17b -> 
  custom:container-demuxer-webm: 4f35f7cbe854078d1ac9338744f61a02 -> 
  custom:video-encoder-webm-vp8: eb34c28f22e8b96e1ab97ce403110664 -> 
  custom:audio-encoder-webm-vorbis: bf7c407c2cedff20999df2af8eb42d56 -> 
  custom:framework-win-MediaFoundation: 216162199b28c13a410421893ffa2e32 -> 
  custom:container-demuxer-ogg: 62fdf1f143b41e24485cea50d1cbac27 -> 
  custom:video-decoder-webm-vp8: 9c59270c3fd7afecdb556c50c9e8de78 -> 
  custom:audio-decoder-ogg-vorbis: bf7c407c2cedff20999df2af8eb42d56 -> 
